[2023-05-22 05:34:51] [ERROR] [::1] SQLSTATE[HY000] [2002] A connection attempt failed because the connected party did not properly respond after a period of time, or established connection failed because connected host has failed to respond.

[2023-08-21 14:16:38] [ERROR] [::1] SQLSTATE[HY000] [1049] Unknown database '1579_db'
[2023-08-21 14:16:38] [ERROR] [::1] SQLSTATE[HY000] [1049] Unknown database '1579_db'
[2023-08-21 20:48:02] [ERROR] [::1] SQLSTATE[HY000] [2002] No connection could be made because the target machine actively refused it
[2023-08-21 20:48:07] [ERROR] [::1] SQLSTATE[HY000] [2002] No connection could be made because the target machine actively refused it
[2023-08-21 20:48:08] [ERROR] [::1] SQLSTATE[HY000] [2002] No connection could be made because the target machine actively refused it
[2023-08-21 20:48:12] [ERROR] [::1] SQLSTATE[HY000] [2002] No connection could be made because the target machine actively refused it
[2023-08-21 20:48:34] [ERROR] [::1] SQLSTATE[HY000] [2002] No connection could be made because the target machine actively refused it
[2023-08-21 20:48:38] [ERROR] [::1] SQLSTATE[HY000] [2002] No connection could be made because the target machine actively refused it
[2023-08-21 20:49:14] [ERROR] [::1] SQLSTATE[HY000] [2002] No connection could be made because the target machine actively refused it
[2023-08-21 20:49:18] [ERROR] [::1] SQLSTATE[HY000] [2002] No connection could be made because the target machine actively refused it
[2023-08-21 20:50:36] [ERROR] [::1] SQLSTATE[HY000] [1049] Unknown database '1579_db'
[2023-08-21 20:50:36] [ERROR] [::1] SQLSTATE[HY000] [1049] Unknown database '1579_db'
[2023-08-21 20:50:40] [ERROR] [::1] SQLSTATE[HY000] [1049] Unknown database '1579_db'
[2023-08-21 20:50:40] [ERROR] [::1] SQLSTATE[HY000] [1049] Unknown database '1579_db'
[2023-08-21 20:50:45] [ERROR] [::1] SQLSTATE[HY000] [1049] Unknown database '1579_db'
[2023-08-21 20:50:45] [ERROR] [::1] SQLSTATE[HY000] [1049] Unknown database '1579_db'
[2023-08-21 20:51:40] [ERROR] [::1] SQLSTATE[HY000] [1049] Unknown database '1579_db'
[2023-08-21 20:51:40] [ERROR] [::1] SQLSTATE[HY000] [1049] Unknown database '1579_db'
[2023-08-21 20:51:51] [ERROR] [::1] SQLSTATE[HY000] [1049] Unknown database '1579_db'
[2023-08-21 20:51:51] [ERROR] [::1] SQLSTATE[HY000] [1049] Unknown database '1579_db'
[2023-08-21 20:53:16] [ERROR] [::1] SQLSTATE[HY000] [1049] Unknown database '1579_db'
[2023-08-21 20:53:16] [ERROR] [::1] SQLSTATE[HY000] [1049] Unknown database '1579_db'
[2023-08-21 20:53:21] [ERROR] [::1] SQLSTATE[HY000] [1049] Unknown database '1579_db'
[2023-08-21 20:53:21] [ERROR] [::1] SQLSTATE[HY000] [1049] Unknown database '1579_db'
[2023-08-21 20:53:32] [ERROR] [::1] SQLSTATE[HY000] [1049] Unknown database '1579_db'
[2023-08-21 20:53:32] [ERROR] [::1] SQLSTATE[HY000] [1049] Unknown database '1579_db'
[2023-08-21 20:53:33] [ERROR] [::1] SQLSTATE[HY000] [1049] Unknown database '1579_db'
[2023-08-21 20:53:33] [ERROR] [::1] SQLSTATE[HY000] [1049] Unknown database '1579_db'
[2023-08-21 20:53:46] [ERROR] [::1] SQLSTATE[HY000] [1049] Unknown database '1579_db'
[2023-08-21 20:53:46] [ERROR] [::1] SQLSTATE[HY000] [1049] Unknown database '1579_db'
[2023-08-21 20:58:19] [ERROR] [::1] SQLSTATE[HY000] [1049] Unknown database '1579_db'
[2023-08-21 20:58:19] [ERROR] [::1] SQLSTATE[HY000] [1049] Unknown database '1579_db'
[2023-08-26 19:02:54] [ERROR] [::1] SQLSTATE[HY000] [1045] Access denied for user 'root'@'localhost' (using password: NO)
[2023-08-26 19:02:54] [ERROR] [::1] SQLSTATE[HY000] [1045] Access denied for user 'root'@'localhost' (using password: NO)
[2023-08-26 19:05:16] [ERROR] [::1] SQLSTATE[HY000] [1045] Access denied for user 'root'@'localhost' (using password: NO)
[2023-08-26 19:05:28] [ERROR] [::1] SQLSTATE[HY000] [1045] Access denied for user 'root'@'localhost' (using password: YES)
[2023-08-26 19:05:28] [ERROR] [::1] SQLSTATE[HY000] [1045] Access denied for user 'root'@'localhost' (using password: YES)
[2023-08-26 19:05:28] [ERROR] [::1] SQLSTATE[HY000] [1045] Access denied for user 'root'@'localhost' (using password: YES)
[2023-08-26 19:05:28] [ERROR] [::1] SQLSTATE[HY000] [1045] Access denied for user 'root'@'localhost' (using password: YES)
[2023-08-26 19:05:29] [ERROR] [::1] SQLSTATE[HY000] [1045] Access denied for user 'root'@'localhost' (using password: YES)
[2023-08-26 19:05:29] [ERROR] [::1] SQLSTATE[HY000] [1045] Access denied for user 'root'@'localhost' (using password: YES)
[2023-08-26 19:05:34] [ERROR] [::1] SQLSTATE[HY000] [1045] Access denied for user 'root'@'localhost' (using password: YES)
[2023-08-26 19:05:34] [ERROR] [::1] SQLSTATE[HY000] [1045] Access denied for user 'root'@'localhost' (using password: YES)
[2023-08-27 21:18:04] [ERROR] [::1] SQLSTATE[HY000] [2002] No connection could be made because the target machine actively refused it.

[2023-08-27 21:18:08] [ERROR] [::1] SQLSTATE[HY000] [2002] No connection could be made because the target machine actively refused it.

[2023-08-29 10:14:59] [ERROR] [::1] SQLSTATE[HY000] [2002] A connection attempt failed because the connected party did not properly respond after a period of time, or established connection failed because connected host has failed to respond.

[2023-08-29 10:15:20] [ERROR] [::1] SQLSTATE[HY000] [2002] A connection attempt failed because the connected party did not properly respond after a period of time, or established connection failed because connected host has failed to respond.

[2023-08-30 09:37:01] [ERROR] [::1] SQLSTATE[HY000] [2002] No connection could be made because the target machine actively refused it.

[2023-08-30 09:37:06] [ERROR] [::1] SQLSTATE[HY000] [2002] No connection could be made because the target machine actively refused it.

[2023-09-06 02:28:38] [ERROR] [::1] SQLSTATE[HY000] [2002] No connection could be made because the target machine actively refused it.

[2023-09-06 02:28:42] [ERROR] [::1] SQLSTATE[HY000] [2002] No connection could be made because the target machine actively refused it.

[2023-09-06 02:28:47] [ERROR] [::1] SQLSTATE[HY000] [2002] No connection could be made because the target machine actively refused it.

[2023-09-06 02:28:51] [ERROR] [::1] SQLSTATE[HY000] [2002] No connection could be made because the target machine actively refused it.

[2023-09-12 09:53:19] [ERROR] [::1] SQLSTATE[HY000] [2002] No connection could be made because the target machine actively refused it.

[2023-09-12 09:53:24] [ERROR] [::1] SQLSTATE[HY000] [2002] No connection could be made because the target machine actively refused it.

[2023-09-12 09:53:24] [ERROR] [::1] SQLSTATE[HY000] [2002] No connection could be made because the target machine actively refused it.

[2023-09-12 09:53:28] [ERROR] [::1] SQLSTATE[HY000] [2002] No connection could be made because the target machine actively refused it.

[2023-09-12 09:53:29] [ERROR] [::1] SQLSTATE[HY000] [2002] No connection could be made because the target machine actively refused it.

[2023-09-12 17:02:48] [ERROR] [::1] SQLSTATE[HY000] [2002] No connection could be made because the target machine actively refused it.

[2023-09-14 10:48:06] [ERROR] [::1] SQLSTATE[HY000] [2002] A connection attempt failed because the connected party did not properly respond after a period of time, or established connection failed because connected host has failed to respond.

[2023-09-14 10:48:07] [ERROR] [::1] SQLSTATE[HY000] [2002] A connection attempt failed because the connected party did not properly respond after a period of time, or established connection failed because connected host has failed to respond.

[2023-09-14 10:48:18] [ERROR] [::1] SQLSTATE[HY000] [2002] A connection attempt failed because the connected party did not properly respond after a period of time, or established connection failed because connected host has failed to respond.

[2023-09-14 10:48:39] [ERROR] [::1] SQLSTATE[HY000] [2002] A connection attempt failed because the connected party did not properly respond after a period of time, or established connection failed because connected host has failed to respond.

[2023-09-14 10:57:37] [ERROR] [::1] SQLSTATE[HY000] [2002] A connection attempt failed because the connected party did not properly respond after a period of time, or established connection failed because connected host has failed to respond.

[2023-10-25 15:05:02] [ERROR] [::1] SQLSTATE[HY000] [2002] A connection attempt failed because the connected party did not properly respond after a period of time, or established connection failed because connected host has failed to respond
[2023-10-25 15:05:23] [ERROR] [::1] SQLSTATE[HY000] [2002] A connection attempt failed because the connected party did not properly respond after a period of time, or established connection failed because connected host has failed to respond
[2023-11-02 09:00:29] [ERROR] [::1] SQLSTATE[HY000] [2002] No connection could be made because the target machine actively refused it
